# JRE version: OpenJDK Runtime Environment (17.0.7) (build 17.0.7+0-b2043.56-10550314)
# Java VM: OpenJDK 64-Bit Server VM (17.0.7+0-b2043.56-10550314, mixed mode, tiered, compressed oops, compressed class ptrs, g1 gc, windows-amd64)
GC Precious Log:
 CPUs: 16 total, 16 available
 Memory: 15775M
 Large Page Support: Disabled
 NUMA Support: Disabled
 Compressed Oops: Enabled (32-bit)
 Heap Region Size: 1M
 Heap Min Capacity: 8M
 Heap Initial Capacity: 248M
 Heap Max Capacity: 2G
 Pre-touch: Disabled
 Parallel Workers: 13
 Concurrent Workers: 3
 Concurrent Refinement Workers: 13
 Periodic GC: Disabled
Heap:
 garbage-first heap   total 352256K, used 159058K [0x0000000080000000, 0x0000000100000000)
  region size 1024K, 17 young (17408K), 9 survivors (9216K)
 Metaspace       used 135741K, committed 136704K, reserved 1179648K
  class space    used 19424K, committed 19904K, reserved 1048576K
GC Heap History (20 events):
Event: 22.882 GC heap before
{Heap before GC invocations=28 (full 0):
 garbage-first heap   total 155648K, used 118376K [0x0000000080000000, 0x0000000100000000)
  region size 1024K, 20 young (20480K), 1 survivors (1024K)
 Metaspace       used 91432K, committed 92160K, reserved 1179648K
  class space    used 12627K, committed 12992K, reserved 1048576K
}
Event: 22.889 GC heap after
{Heap after GC invocations=29 (full 0):
 garbage-first heap   total 155648K, used 106712K [0x0000000080000000, 0x0000000100000000)
  region size 1024K, 3 young (3072K), 3 survivors (3072K)
 Metaspace       used 91432K, committed 92160K, reserved 1179648K
  class space    used 12627K, committed 12992K, reserved 1048576K
}
Event: 23.380 GC heap before
{Heap before GC invocations=30 (full 0):
 garbage-first heap   total 191488K, used 137432K [0x0000000080000000, 0x0000000100000000)
  region size 1024K, 17 young (17408K), 3 survivors (3072K)
 Metaspace       used 92418K, committed 93056K, reserved 1179648K
  class space    used 12729K, committed 13056K, reserved 1048576K
}
Event: 23.385 GC heap after
{Heap after GC invocations=31 (full 0):
 garbage-first heap   total 191488K, used 109799K [0x0000000080000000, 0x0000000100000000)
  region size 1024K, 3 young (3072K), 3 survivors (3072K)
 Metaspace       used 92418K, committed 93056K, reserved 1179648K
  class space    used 12729K, committed 13056K, reserved 1048576K
}
Event: 23.458 GC heap before
{Heap before GC invocations=31 (full 0):
 garbage-first heap   total 191488K, used 114919K [0x0000000080000000, 0x0000000100000000)
  region size 1024K, 9 young (9216K), 3 survivors (3072K)
 Metaspace       used 92812K, committed 93440K, reserved 1179648K
  class space    used 12768K, committed 13056K, reserved 1048576K
}
Event: 23.463 GC heap after
{Heap after GC invocations=32 (full 0):
 garbage-first heap   total 191488K, used 109734K [0x0000000080000000, 0x0000000100000000)
  region size 1024K, 1 young (1024K), 1 survivors (1024K)
 Metaspace       used 92812K, committed 93440K, reserved 1179648K
  class space    used 12768K, committed 13056K, reserved 1048576K
}
Event: 23.830 GC heap before
{Heap before GC invocations=32 (full 0):
 garbage-first heap   total 191488K, used 136358K [0x0000000080000000, 0x0000000100000000)
  region size 1024K, 28 young (28672K), 1 survivors (1024K)
 Metaspace       used 94349K, committed 94976K, reserved 1179648K
  class space    used 12934K, committed 13248K, reserved 1048576K
}
Event: 23.837 GC heap after
{Heap after GC invocations=33 (full 0):
 garbage-first heap   total 352256K, used 110938K [0x0000000080000000, 0x0000000100000000)
  region size 1024K, 2 young (2048K), 2 survivors (2048K)
 Metaspace       used 94349K, committed 94976K, reserved 1179648K
  class space    used 12934K, committed 13248K, reserved 1048576K
}
Event: 25.267 GC heap before
{Heap before GC invocations=33 (full 0):
 garbage-first heap   total 352256K, used 212314K [0x0000000080000000, 0x0000000100000000)
  region size 1024K, 102 young (104448K), 2 survivors (2048K)
 Metaspace       used 98945K, committed 99648K, reserved 1179648K
  class space    used 13504K, committed 13824K, reserved 1048576K
}
Event: 25.278 GC heap after
{Heap after GC invocations=34 (full 0):
 garbage-first heap   total 352256K, used 116916K [0x0000000080000000, 0x0000000100000000)
  region size 1024K, 8 young (8192K), 8 survivors (8192K)
 Metaspace       used 98945K, committed 99648K, reserved 1179648K
  class space    used 13504K, committed 13824K, reserved 1048576K
}
Event: 29.960 GC heap before
{Heap before GC invocations=34 (full 0):
 garbage-first heap   total 352256K, used 239796K [0x0000000080000000, 0x0000000100000000)
  region size 1024K, 129 young (132096K), 8 survivors (8192K)
 Metaspace       used 106961K, committed 107648K, reserved 1179648K
  class space    used 14514K, committed 14848K, reserved 1048576K
}
Event: 29.979 GC heap after
{Heap after GC invocations=35 (full 0):
 garbage-first heap   total 352256K, used 126714K [0x0000000080000000, 0x0000000100000000)
  region size 1024K, 17 young (17408K), 17 survivors (17408K)
 Metaspace       used 106961K, committed 107648K, reserved 1179648K
  class space    used 14514K, committed 14848K, reserved 1048576K
}
Event: 32.487 GC heap before
{Heap before GC invocations=35 (full 0):
 garbage-first heap   total 352256K, used 250618K [0x0000000080000000, 0x0000000100000000)
  region size 1024K, 135 young (138240K), 17 survivors (17408K)
 Metaspace       used 116008K, committed 116736K, reserved 1179648K
  class space    used 15869K, committed 16192K, reserved 1048576K
}
Event: 32.503 GC heap after
{Heap after GC invocations=36 (full 0):
 garbage-first heap   total 352256K, used 143829K [0x0000000080000000, 0x0000000100000000)
  region size 1024K, 16 young (16384K), 16 survivors (16384K)
 Metaspace       used 116008K, committed 116736K, reserved 1179648K
  class space    used 15869K, committed 16192K, reserved 1048576K
}
Event: 34.094 GC heap before
{Heap before GC invocations=36 (full 0):
 garbage-first heap   total 352256K, used 257493K [0x0000000080000000, 0x0000000100000000)
  region size 1024K, 128 young (131072K), 16 survivors (16384K)
 Metaspace       used 126481K, committed 127360K, reserved 1179648K
  class space    used 17783K, committed 18176K, reserved 1048576K
}
Event: 34.104 GC heap after
{Heap after GC invocations=37 (full 0):
 garbage-first heap   total 352256K, used 146951K [0x0000000080000000, 0x0000000100000000)
  region size 1024K, 4 young (4096K), 4 survivors (4096K)
 Metaspace       used 126481K, committed 127360K, reserved 1179648K
  class space    used 17783K, committed 18176K, reserved 1048576K
}
Event: 36.612 GC heap before
{Heap before GC invocations=37 (full 0):
 garbage-first heap   total 352256K, used 292359K [0x0000000080000000, 0x0000000100000000)
  region size 1024K, 121 young (123904K), 4 survivors (4096K)
 Metaspace       used 134377K, committed 135360K, reserved 1179648K
  class space    used 19376K, committed 19840K, reserved 1048576K
}
Event: 36.620 GC heap after
{Heap after GC invocations=38 (full 0):
 garbage-first heap   total 352256K, used 147647K [0x0000000080000000, 0x0000000100000000)
  region size 1024K, 5 young (5120K), 5 survivors (5120K)
 Metaspace       used 134377K, committed 135360K, reserved 1179648K
  class space    used 19376K, committed 19840K, reserved 1048576K
}
Event: 1585.198 GC heap before
{Heap before GC invocations=38 (full 0):
 garbage-first heap   total 352256K, used 273599K [0x0000000080000000, 0x0000000100000000)
  region size 1024K, 128 young (131072K), 5 survivors (5120K)
 Metaspace       used 135723K, committed 136704K, reserved 1179648K
  class space    used 19424K, committed 19904K, reserved 1048576K
}
Event: 1585.207 GC heap after
{Heap after GC invocations=39 (full 0):
 garbage-first heap   total 352256K, used 151890K [0x0000000080000000, 0x0000000100000000)
  region size 1024K, 9 young (9216K), 9 survivors (9216K)
 Metaspace       used 135723K, committed 136704K, reserved 1179648K
  class space    used 19424K, committed 19904K, reserved 1048576K
}

